13101:C 23 Jun 2019 13:15:09.412 # Can't chdir to './data': No such file or directory
13102:C 23 Jun 2019 13:15:16.262 # Can't chdir to './data': No such file or directory
13270:C 23 Jun 2019 13:19:18.202 # oO0OoO0OoO0Oo Redis is starting oO0OoO0OoO0Oo
13270:C 23 Jun 2019 13:19:18.202 # Redis version=5.0.4, bits=64, commit=00000000, modified=0, pid=13270, just started
13270:C 23 Jun 2019 13:19:18.202 # Configuration loaded
13271:M 23 Jun 2019 13:19:18.204 * Increased maximum number of open files to 10032 (it was originally set to 1024).
13271:M 23 Jun 2019 13:19:18.205 # Could not create server TCP listening socket 192.168.157.133:6379: bind: Address already in use
13452:C 23 Jun 2019 13:28:31.511 # oO0OoO0OoO0Oo Redis is starting oO0OoO0OoO0Oo
13452:C 23 Jun 2019 13:28:31.511 # Redis version=5.0.4, bits=64, commit=00000000, modified=0, pid=13452, just started
13452:C 23 Jun 2019 13:28:31.511 # Configuration loaded
13453:M 23 Jun 2019 13:28:31.513 * Increased maximum number of open files to 10032 (it was originally set to 1024).
                _._                                                  
           _.-``__ ''-._                                             
      _.-``    `.  `_.  ''-._           Redis 5.0.4 (00000000/0) 64 bit
  .-`` .-```.  ```\/    _.,_ ''-._                                   
 (    '      ,       .-`  | `,    )     Running in standalone mode
 |`-._`-...-` __...-.``-._|'` _.-'|     Port: 6379
 |    `-._   `._    /     _.-'    |     PID: 13453
  `-._    `-._  `-./  _.-'    _.-'                                   
 |`-._`-._    `-.__.-'    _.-'_.-'|                                  
 |    `-._`-._        _.-'_.-'    |           http://redis.io        
  `-._    `-._`-.__.-'_.-'    _.-'                                   
 |`-._`-._    `-.__.-'    _.-'_.-'|                                  
 |    `-._`-._        _.-'_.-'    |                                  
  `-._    `-._`-.__.-'_.-'    _.-'                                   
      `-._    `-.__.-'    _.-'                                       
          `-._        _.-'                                           
              `-.__.-'                                               

13453:M 23 Jun 2019 13:28:31.514 # WARNING: The TCP backlog setting of 511 cannot be enforced because /proc/sys/net/core/somaxconn is set to the lower value of 128.
13453:M 23 Jun 2019 13:28:31.514 # Server initialized
13453:M 23 Jun 2019 13:28:31.514 # WARNING overcommit_memory is set to 0! Background save may fail under low memory condition. To fix this issue add 'vm.overcommit_memory = 1' to /etc/sysctl.conf and then reboot or run the command 'sysctl vm.overcommit_memory=1' for this to take effect.
13453:M 23 Jun 2019 13:28:31.514 # WARNING you have Transparent Huge Pages (THP) support enabled in your kernel. This will create latency and memory usage issues with Redis. To fix this issue run the command 'echo never > /sys/kernel/mm/transparent_hugepage/enabled' as root, and add it to your /etc/rc.local in order to retain the setting after a reboot. Redis must be restarted after THP is disabled.
13453:M 23 Jun 2019 13:28:31.514 * Ready to accept connections
13466:C 23 Jun 2019 13:28:46.254 # oO0OoO0OoO0Oo Redis is starting oO0OoO0OoO0Oo
13466:C 23 Jun 2019 13:28:46.254 # Redis version=5.0.4, bits=64, commit=00000000, modified=0, pid=13466, just started
13466:C 23 Jun 2019 13:28:46.254 # Configuration loaded
13467:M 23 Jun 2019 13:28:46.256 * Increased maximum number of open files to 10032 (it was originally set to 1024).
13467:M 23 Jun 2019 13:28:46.256 # Could not create server TCP listening socket 192.168.157.133:6379: bind: Address already in use
13500:C 23 Jun 2019 13:31:02.277 # oO0OoO0OoO0Oo Redis is starting oO0OoO0OoO0Oo
13500:C 23 Jun 2019 13:31:02.277 # Redis version=5.0.4, bits=64, commit=00000000, modified=0, pid=13500, just started
13500:C 23 Jun 2019 13:31:02.277 # Configuration loaded
13501:M 23 Jun 2019 13:31:02.279 * Increased maximum number of open files to 10032 (it was originally set to 1024).
                _._                                                  
           _.-``__ ''-._                                             
      _.-``    `.  `_.  ''-._           Redis 5.0.4 (00000000/0) 64 bit
  .-`` .-```.  ```\/    _.,_ ''-._                                   
 (    '      ,       .-`  | `,    )     Running in standalone mode
 |`-._`-...-` __...-.``-._|'` _.-'|     Port: 6379
 |    `-._   `._    /     _.-'    |     PID: 13501
  `-._    `-._  `-./  _.-'    _.-'                                   
 |`-._`-._    `-.__.-'    _.-'_.-'|                                  
 |    `-._`-._        _.-'_.-'    |           http://redis.io        
  `-._    `-._`-.__.-'_.-'    _.-'                                   
 |`-._`-._    `-.__.-'    _.-'_.-'|                                  
 |    `-._`-._        _.-'_.-'    |                                  
  `-._    `-._`-.__.-'_.-'    _.-'                                   
      `-._    `-.__.-'    _.-'                                       
          `-._        _.-'                                           
              `-.__.-'                                               

13501:M 23 Jun 2019 13:31:02.279 # WARNING: The TCP backlog setting of 511 cannot be enforced because /proc/sys/net/core/somaxconn is set to the lower value of 128.
13501:M 23 Jun 2019 13:31:02.279 # Server initialized
13501:M 23 Jun 2019 13:31:02.279 # WARNING overcommit_memory is set to 0! Background save may fail under low memory condition. To fix this issue add 'vm.overcommit_memory = 1' to /etc/sysctl.conf and then reboot or run the command 'sysctl vm.overcommit_memory=1' for this to take effect.
13501:M 23 Jun 2019 13:31:02.279 # WARNING you have Transparent Huge Pages (THP) support enabled in your kernel. This will create latency and memory usage issues with Redis. To fix this issue run the command 'echo never > /sys/kernel/mm/transparent_hugepage/enabled' as root, and add it to your /etc/rc.local in order to retain the setting after a reboot. Redis must be restarted after THP is disabled.
13501:M 23 Jun 2019 13:31:02.279 * Ready to accept connections
13501:M 23 Jun 2019 13:50:34.849 * 1 changes in 900 seconds. Saving...
13501:M 23 Jun 2019 13:50:34.851 * Background saving started by pid 13817
13817:C 23 Jun 2019 13:50:34.881 * DB saved on disk
13817:C 23 Jun 2019 13:50:34.881 * RDB: 6 MB of memory used by copy-on-write
13501:M 23 Jun 2019 13:50:34.952 * Background saving terminated with success
